<?xml version="1.0" encoding="windows-1252" standalone="no"?>
<!DOCTYPE log SYSTEM "logger.dtd">
<log>
<record>
  <date>2022-02-25T08:47:40</date>
  <millis>1645796860089</millis>
  <sequence>251</sequence>
  <logger>WD-logger</logger>
  <level>INFO</level>
  <class>com.revature.weddingDreams.util.ContextLoaderListener</class>
  <method>contextInitialized</method>
  <thread>235</thread>
  <message>The entire context was successfully initialized</message>
</record>
<record>
  <date>2022-02-25T09:02:03</date>
  <millis>1645797723403</millis>
  <sequence>256</sequence>
  <logger>WD-logger</logger>
  <level>INFO</level>
  <class>com.revature.weddingDreams.util.ContextLoaderListener</class>
  <method>contextDestroyed</method>
  <thread>245</thread>
  <message>The entire was successfully destroyed</message>
</record>
